<?xml version="1.0" encoding="UTF-8"?>
<!-- Generated by org.testng.reporters.JUnitReportReporter -->
<testsuite hostname="LAPTOP-HG4B2E1A" failures="0" tests="1" name="jar.AppTest" time="0.007" errors="0" timestamp="2024-07-31T15:46:36 CEST" skipped="0">
  <testcase classname="jar.AppTest" name="shouldAnswerWithTrue" time="0.007"/>
  <system-out/>
</testsuite> <!-- jar.AppTest -->
